2023-03-16 23:52:42,822 [INFO   ] [APP] autotrader started with arguments={-c}
2023-03-16 23:52:42,822 [INFO   ] [APP] configuration={"Execution":{"Host":"172.22.0.2","Port":12345},"Information":{"Type":"mmap","Name":"/info/info.dat"},"TeamName":"Gamblers_230215","Secret":"335ffe598849457d8215195e03b9ad24"}
2023-03-16 23:52:42,871 [INFO   ] [CONNECTION] fd=7 connection established: peer=172.22.0.2:12345
2023-03-16 23:53:01,110 [INFO   ] [TRADER] received order book for instrument 0 with sequence number 1
2023-03-16 23:53:01,110 [INFO   ] [TRADER] received order book for instrument 1 with sequence number 1
2023-03-16 23:53:01,111 [INFO   ] [TRADER] received order status for order 1 with fill volume 0 remaining 6 and fees 0
2023-03-16 23:53:01,111 [INFO   ] [TRADER] received order status for order 2 with fill volume 0 remaining 6 and fees 0
2023-03-16 23:53:01,111 [INFO   ] [TRADER] received order status for order 1 with fill volume 0 remaining 0 and fees 0
2023-03-16 23:53:01,111 [INFO   ] [TRADER] received order status for order 2 with fill volume 0 remaining 0 and fees 0
2023-03-16 23:53:01,111 [INFO   ] [TRADER] received order status for order 3 with fill volume 0 remaining 6 and fees 0
2023-03-16 23:53:01,111 [INFO   ] [TRADER] received order status for order 4 with fill volume 0 remaining 6 and fees 0
2023-03-16 23:53:01,111 [INFO   ] [TRADER] received order status for order 3 with fill volume 0 remaining 0 and fees 0
2023-03-16 23:53:01,111 [INFO   ] [TRADER] received order status for order 4 with fill volume 0 remaining 0 and fees 0
2023-03-16 23:53:01,111 [INFO   ] [TRADER] received order status for order 5 with fill volume 0 remaining 6 and fees 0
2023-03-16 23:53:01,111 [INFO   ] [TRADER] received order status for order 6 with fill volume 0 remaining 6 and fees 0
2023-03-16 23:53:01,332 [INFO   ] [TRADER] received order book for instrument 0 with sequence number 2
2023-03-16 23:53:01,332 [INFO   ] [TRADER] received order book for instrument 1 with sequence number 2
2023-03-16 23:53:01,333 [INFO   ] [TRADER] received order status for order 5 with fill volume 0 remaining 0 and fees 0
2023-03-16 23:53:01,333 [INFO   ] [TRADER] received order status for order 6 with fill volume 0 remaining 0 and fees 0
2023-03-16 23:53:01,333 [INFO   ] [TRADER] received order status for order 7 with fill volume 0 remaining 6 and fees 0
2023-03-16 23:53:01,333 [INFO   ] [TRADER] received order status for order 8 with fill volume 0 remaining 6 and fees 0
2023-03-16 23:53:01,333 [INFO   ] [TRADER] received order status for order 7 with fill volume 0 remaining 0 and fees 0
2023-03-16 23:53:01,333 [INFO   ] [TRADER] received order status for order 8 with fill volume 0 remaining 0 and fees 0
2023-03-16 23:53:01,334 [INFO   ] [TRADER] received order status for order 9 with fill volume 0 remaining 6 and fees 0
2023-03-16 23:53:01,334 [INFO   ] [TRADER] received order status for order 10 with fill volume 0 remaining 6 and fees 0
2023-03-16 23:53:01,334 [INFO   ] [TRADER] received order status for order 9 with fill volume 0 remaining 0 and fees 0
2023-03-16 23:53:01,334 [INFO   ] [TRADER] received order status for order 10 with fill volume 0 remaining 0 and fees 0
2023-03-16 23:53:01,334 [INFO   ] [TRADER] received order status for order 11 with fill volume 0 remaining 6 and fees 0
2023-03-16 23:53:01,334 [INFO   ] [TRADER] received order status for order 12 with fill volume 0 remaining 6 and fees 0
2023-03-16 23:53:01,650 [INFO   ] [TRADER] received order book for instrument 0 with sequence number 3
2023-03-16 23:53:01,651 [INFO   ] [TRADER] received order book for instrument 1 with sequence number 3
2023-03-16 23:53:01,651 [INFO   ] [TRADER] received order filled for order 11 with price 140400 and volume 6
2023-03-16 23:53:01,651 [INFO   ] [TRADER] received order status for order 11 with fill volume 6 remaining 0 and fees -84
2023-03-16 23:53:01,651 [INFO   ] [TRADER] received trade ticks for instrument 1 with sequence number 2
2023-03-16 23:53:01,651 [INFO   ] [TRADER] received order status for order 12 with fill volume 0 remaining 0 and fees 0
2023-03-16 23:53:01,651 [INFO   ] [TRADER] received order status for order 13 with fill volume 0 remaining 6 and fees 0
2023-03-16 23:53:01,652 [INFO   ] [TRADER] received order status for order 14 with fill volume 0 remaining 6 and fees 0
2023-03-16 23:53:01,652 [INFO   ] [TRADER] received order status for order 13 with fill volume 0 remaining 0 and fees 0
2023-03-16 23:53:01,652 [INFO   ] [TRADER] received order status for order 14 with fill volume 0 remaining 0 and fees 0
2023-03-16 23:53:01,652 [INFO   ] [TRADER] received order status for order 15 with fill volume 0 remaining 6 and fees 0
2023-03-16 23:53:01,652 [INFO   ] [TRADER] received order status for order 16 with fill volume 0 remaining 6 and fees 0
2023-03-16 23:53:01,652 [INFO   ] [TRADER] received order status for order 15 with fill volume 0 remaining 0 and fees 0
2023-03-16 23:53:01,652 [INFO   ] [TRADER] received order status for order 16 with fill volume 0 remaining 0 and fees 0
2023-03-16 23:53:01,652 [INFO   ] [TRADER] received order status for order 17 with fill volume 0 remaining 6 and fees 0
2023-03-16 23:53:01,652 [INFO   ] [TRADER] received order status for order 18 with fill volume 0 remaining 6 and fees 0
2023-03-16 23:53:01,653 [INFO   ] [TRADER] received hedge filled for order 19 with average price 140300 and volume 6
2023-03-16 23:53:01,862 [INFO   ] [TRADER] received order book for instrument 0 with sequence number 4
2023-03-16 23:53:01,862 [INFO   ] [TRADER] received order book for instrument 1 with sequence number 4
2023-03-16 23:53:01,863 [INFO   ] [TRADER] received order filled for order 17 with price 140400 and volume 6
2023-03-16 23:53:01,863 [INFO   ] [TRADER] received order status for order 17 with fill volume 6 remaining 0 and fees -84
2023-03-16 23:53:01,863 [INFO   ] [TRADER] received trade ticks for instrument 1 with sequence number 3
2023-03-16 23:53:01,864 [INFO   ] [TRADER] received order status for order 18 with fill volume 0 remaining 0 and fees 0
2023-03-16 23:53:01,864 [INFO   ] [TRADER] received order status for order 20 with fill volume 0 remaining 6 and fees 0
2023-03-16 23:53:01,864 [INFO   ] [TRADER] received order status for order 21 with fill volume 0 remaining 6 and fees 0
2023-03-16 23:53:01,864 [INFO   ] [TRADER] received order status for order 20 with fill volume 0 remaining 0 and fees 0
2023-03-16 23:53:01,864 [INFO   ] [TRADER] received order status for order 21 with fill volume 0 remaining 0 and fees 0
2023-03-16 23:53:01,864 [INFO   ] [TRADER] received order status for order 22 with fill volume 0 remaining 6 and fees 0
2023-03-16 23:53:01,864 [INFO   ] [TRADER] received order status for order 23 with fill volume 0 remaining 6 and fees 0
2023-03-16 23:53:01,864 [INFO   ] [TRADER] received order status for order 22 with fill volume 0 remaining 0 and fees 0
2023-03-16 23:53:01,864 [INFO   ] [TRADER] received order status for order 23 with fill volume 0 remaining 0 and fees 0
2023-03-16 23:53:01,864 [INFO   ] [TRADER] received order status for order 24 with fill volume 0 remaining 6 and fees 0
2023-03-16 23:53:01,864 [INFO   ] [TRADER] received order status for order 25 with fill volume 0 remaining 6 and fees 0
2023-03-16 23:53:01,864 [INFO   ] [TRADER] received hedge filled for order 26 with average price 140300 and volume 6
2023-03-16 23:53:02,094 [INFO   ] [TRADER] received trade ticks for instrument 0 with sequence number 2
2023-03-16 23:53:02,107 [INFO   ] [TRADER] received order book for instrument 0 with sequence number 5
2023-03-16 23:53:02,108 [INFO   ] [TRADER] received order book for instrument 1 with sequence number 5
2023-03-16 23:53:02,109 [INFO   ] [TRADER] received order status for order 24 with fill volume 0 remaining 0 and fees 0
2023-03-16 23:53:02,109 [INFO   ] [TRADER] received order status for order 25 with fill volume 0 remaining 0 and fees 0
2023-03-16 23:53:02,109 [WARNING] [TRADER] error with order 0: message frequency limit breached
2023-03-16 23:53:02,111 [ERROR  ] [CONNECTION] fd=7 connection lost:
Traceback (most recent call last):
  File "/usr/local/lib/python3.11/asyncio/selector_events.py", line 995, in _read_ready__data_received
    data = self._sock.recv(self.max_size)
           ^^^^^^^^^^^^^^^^^^^^^^^^^^^^^^
ConnectionResetError: [Errno 104] Connection reset by peer
2023-03-16 23:53:02,111 [INFO   ] [APP] closing event loop
2023-03-16 23:53:02,111 [INFO   ] [RECEIVER] connection lost
